<?xml version="1.0" encoding="UTF-8"?>
<testsuite name="net.ict.springex.mapper.TodoMapperTest" tests="1" skipped="0" failures="0" errors="0" timestamp="2022-11-15T02:46:51" hostname="DESKTOP-KLG0CID" time="0.069">
  <properties/>
  <testcase name="testSelectAll()" classname="net.ict.springex.mapper.TodoMapperTest" time="0.069"/>
  <system-out><![CDATA[11:46:50  INFO [org.springframework.test.context.support.DefaultTestContextBootstrapper] Loaded default TestExecutionListener class names from location [META-INF/spring.factories]: [org.springframework.test.context.web.ServletTestExecutionListener, org.springframework.test.context.support.DirtiesContextBeforeModesTestExecutionListener, org.springframework.test.context.event.ApplicationEventsTestExecutionListener, org.springframework.test.context.support.DependencyInjectionTestExecutionListener, org.springframework.test.context.support.DirtiesContextTestExecutionListener, org.springframework.test.context.transaction.TransactionalTestExecutionListener, org.springframework.test.context.jdbc.SqlScriptsTestExecutionListener, org.springframework.test.context.event.EventPublishingTestExecutionListener]
11:46:50  INFO [org.springframework.test.context.support.DefaultTestContextBootstrapper] Using TestExecutionListeners: [org.springframework.test.context.support.DirtiesContextBeforeModesTestExecutionListener@267bbe1a, org.springframework.test.context.event.ApplicationEventsTestExecutionListener@1f12e153, org.springframework.test.context.support.DependencyInjectionTestExecutionListener@389562d6, org.springframework.test.context.support.DirtiesContextTestExecutionListener@5a101b1c, org.springframework.test.context.transaction.TransactionalTestExecutionListener@2160e52a, org.springframework.test.context.jdbc.SqlScriptsTestExecutionListener@29f0802c, org.springframework.test.context.event.EventPublishingTestExecutionListener@3a60c416]
11:46:50  INFO [com.zaxxer.hikari.HikariDataSource] HikariPool-1 - Starting...
11:46:51  INFO [com.zaxxer.hikari.pool.HikariPool] HikariPool-1 - Added connection org.mariadb.jdbc.Connection@5e1d03d7
11:46:51  INFO [com.zaxxer.hikari.HikariDataSource] HikariPool-1 - Start completed.
11:46:51  INFO [net.ict.springex.mapper.TodoMapperTest] TodoVO(tno=5, title=스프링, dueDate=2022-11-17, finished=false, writer=스프링)
11:46:51  INFO [net.ict.springex.mapper.TodoMapperTest] TodoVO(tno=4, title=spring Test, dueDate=2022-11-14, finished=false, writer=ict05)
11:46:51  INFO [net.ict.springex.mapper.TodoMapperTest] TodoVO(tno=3, title=spring Test, dueDate=2022-11-14, finished=false, writer=ict05)
11:46:51  INFO [net.ict.springex.mapper.TodoMapperTest] TodoVO(tno=2, title=Test TodoDTO....., dueDate=2022-11-14, finished=false, writer=ict01)
11:46:51  INFO [net.ict.springex.mapper.TodoMapperTest] TodoVO(tno=1, title=Test TodoDTO....., dueDate=2022-11-14, finished=false, writer=ict01)
]]></system-out>
  <system-err><![CDATA[]]></system-err>
</testsuite>
