<?xml version="1.0" encoding="UTF-8"?>
<testsuite name="net.ict.springex.mapper.TodoMapperTest" tests="1" skipped="0" failures="0" errors="0" timestamp="2022-11-16T07:27:49" hostname="DESKTOP-KLG0CID" time="0.087">
  <properties/>
  <testcase name="testSelectSearch()" classname="net.ict.springex.mapper.TodoMapperTest" time="0.087"/>
  <system-out><![CDATA[04:27:49  INFO [org.springframework.test.context.support.DefaultTestContextBootstrapper] Loaded default TestExecutionListener class names from location [META-INF/spring.factories]: [org.springframework.test.context.web.ServletTestExecutionListener, org.springframework.test.context.support.DirtiesContextBeforeModesTestExecutionListener, org.springframework.test.context.event.ApplicationEventsTestExecutionListener, org.springframework.test.context.support.DependencyInjectionTestExecutionListener, org.springframework.test.context.support.DirtiesContextTestExecutionListener, org.springframework.test.context.transaction.TransactionalTestExecutionListener, org.springframework.test.context.jdbc.SqlScriptsTestExecutionListener, org.springframework.test.context.event.EventPublishingTestExecutionListener]
04:27:49  INFO [org.springframework.test.context.support.DefaultTestContextBootstrapper] Using TestExecutionListeners: [org.springframework.test.context.support.DirtiesContextBeforeModesTestExecutionListener@6f8d7714, org.springframework.test.context.event.ApplicationEventsTestExecutionListener@1e6b9a95, org.springframework.test.context.support.DependencyInjectionTestExecutionListener@4d6f623d, org.springframework.test.context.support.DirtiesContextTestExecutionListener@aa21042, org.springframework.test.context.transaction.TransactionalTestExecutionListener@e93f3d5, org.springframework.test.context.jdbc.SqlScriptsTestExecutionListener@4cee7fa0, org.springframework.test.context.event.EventPublishingTestExecutionListener@7a26928a]
04:27:49  INFO [com.zaxxer.hikari.HikariDataSource] HikariPool-1 - Starting...
04:27:49  INFO [com.zaxxer.hikari.pool.HikariPool] HikariPool-1 - Added connection org.mariadb.jdbc.Connection@6f49d153
04:27:49  INFO [com.zaxxer.hikari.HikariDataSource] HikariPool-1 - Start completed.
]]></system-out>
  <system-err><![CDATA[]]></system-err>
</testsuite>
