<?xml version="1.0" encoding="UTF-8"?>
<testsuite name="net.ict.springex.mapper.TodoMapperTest" tests="1" skipped="0" failures="0" errors="0" timestamp="2022-11-14T08:37:21" hostname="DESKTOP-KLG0CID" time="0.067">
  <properties/>
  <testcase name="testNow()" classname="net.ict.springex.mapper.TodoMapperTest" time="0.067"/>
  <system-out><![CDATA[05:37:20  INFO [org.springframework.test.context.support.DefaultTestContextBootstrapper] Loaded default TestExecutionListener class names from location [META-INF/spring.factories]: [org.springframework.test.context.web.ServletTestExecutionListener, org.springframework.test.context.support.DirtiesContextBeforeModesTestExecutionListener, org.springframework.test.context.event.ApplicationEventsTestExecutionListener, org.springframework.test.context.support.DependencyInjectionTestExecutionListener, org.springframework.test.context.support.DirtiesContextTestExecutionListener, org.springframework.test.context.transaction.TransactionalTestExecutionListener, org.springframework.test.context.jdbc.SqlScriptsTestExecutionListener, org.springframework.test.context.event.EventPublishingTestExecutionListener]
05:37:20  INFO [org.springframework.test.context.support.DefaultTestContextBootstrapper] Using TestExecutionListeners: [org.springframework.test.context.support.DirtiesContextBeforeModesTestExecutionListener@13e698c7, org.springframework.test.context.event.ApplicationEventsTestExecutionListener@aed0151, org.springframework.test.context.support.DependencyInjectionTestExecutionListener@267bbe1a, org.springframework.test.context.support.DirtiesContextTestExecutionListener@1f12e153, org.springframework.test.context.transaction.TransactionalTestExecutionListener@389562d6, org.springframework.test.context.jdbc.SqlScriptsTestExecutionListener@5a101b1c, org.springframework.test.context.event.EventPublishingTestExecutionListener@2160e52a]
05:37:21  INFO [com.zaxxer.hikari.HikariDataSource] HikariPool-1 - Starting...
05:37:21  INFO [com.zaxxer.hikari.pool.HikariPool] HikariPool-1 - Added connection org.mariadb.jdbc.Connection@587a1cfb
05:37:21  INFO [com.zaxxer.hikari.HikariDataSource] HikariPool-1 - Start completed.
05:37:21  INFO [net.ict.springex.mapper.TodoMapperTest] 2022-11-14 17:37:21
]]></system-out>
  <system-err><![CDATA[]]></system-err>
</testsuite>
